<?xml version="1.0" encoding="UTF-8"?>
<testsuite name="Automation Test"
           tests="6"
           failures="0"
           errors="0"
           skipped="0"
           time="53.840">
  <properties />
  
  
            <testcase name="VerifyThatUserShouldLogOutSuccessFully" time="17.159" classname="com.automation.testsuite.SignPageTest" />
                <testcase name="verifyTheErrorMessageWithInValidCredentials" time="9.606" classname="com.automation.testsuite.SignPageTest" />
                <testcase name="verifyTheErrorMessageWithInValidCredentials" time="6.196" classname="com.automation.testsuite.SignPageTest" />
                <testcase name="verifyTheErrorMessageWithInValidCredentials" time="4.222" classname="com.automation.testsuite.SignPageTest" />
                <testcase name="verifyTheErrorMessageWithInValidCredentials" time="4.158" classname="com.automation.testsuite.SignPageTest" />
                <testcase name="verifyThatUserShouldLogInSuccessFullyWithValidCredentials" time="12.499" classname="com.automation.testsuite.SignPageTest" />
      
</testsuite>
